<?xml version="1.0" encoding="UTF-8"?>
<testng-results skipped="0" failed="0" ignored="0" total="1" passed="1">
  <reporter-output>
    <line>
      <![CDATA[Successfully Launched Chrome Browser]]>
    </line>
    <line>
      <![CDATA[Browser window is maximized successfully]]>
    </line>
  </reporter-output>
  <suite name="Default suite" duration-ms="93488" started-at="2022-07-12T08:51:46 IST" finished-at="2022-07-12T08:53:20 IST">
    <groups>
    </groups>
    <test name="Default test" duration-ms="93488" started-at="2022-07-12T08:51:46 IST" finished-at="2022-07-12T08:53:20 IST">
      <class name="LEADS_ADMIN.TC_leads_014_Test">
        <test-method status="PASS" signature="openApplication(java.lang.String)[pri:0, instance:LEADS_ADMIN.TC_leads_014_Test@50d0686]" name="openApplication" is-config="true" duration-ms="3607" started-at="2022-07-12T08:51:46 IST" finished-at="2022-07-12T08:51:50 IST">
          <params>
            <param index="0">
              <value>
                <![CDATA[chrome]]>
              </value>
            </param>
          </params>
          <reporter-output>
            <line>
              <![CDATA[Successfully Launched Chrome Browser]]>
            </line>
            <line>
              <![CDATA[Browser window is maximized successfully]]>
            </line>
          </reporter-output>
        </test-method> <!-- openApplication -->
        <test-method status="PASS" signature="login1()[pri:0, instance:LEADS_ADMIN.TC_leads_014_Test@50d0686]" name="login1" is-config="true" duration-ms="19219" started-at="2022-07-12T08:51:50 IST" finished-at="2022-07-12T08:52:09 IST">
          <reporter-output>
          </reporter-output>
        </test-method> <!-- login1 -->
        <test-method status="PASS" signature="Search()[pri:0, instance:LEADS_ADMIN.TC_leads_014_Test@50d0686]" name="Search" duration-ms="69790" started-at="2022-07-12T08:52:09 IST" finished-at="2022-07-12T08:53:19 IST">
          <reporter-output>
          </reporter-output>
        </test-method> <!-- Search -->
        <test-method status="PASS" signature="logout1()[pri:0, instance:LEADS_ADMIN.TC_leads_014_Test@50d0686]" name="logout1" is-config="true" duration-ms="116" started-at="2022-07-12T08:53:19 IST" finished-at="2022-07-12T08:53:19 IST">
          <reporter-output>
          </reporter-output>
        </test-method> <!-- logout1 -->
        <test-method status="PASS" signature="CloseApp()[pri:0, instance:LEADS_ADMIN.TC_leads_014_Test@50d0686]" name="CloseApp" is-config="true" duration-ms="677" started-at="2022-07-12T08:53:19 IST" finished-at="2022-07-12T08:53:20 IST">
          <reporter-output>
          </reporter-output>
        </test-method> <!-- CloseApp -->
      </class> <!-- LEADS_ADMIN.TC_leads_014_Test -->
    </test> <!-- Default test -->
  </suite> <!-- Default suite -->
</testng-results>
